<?xml version="1.0" encoding="UTF-8"?>
<!-- Generated by org.testng.reporters.JUnitReportReporter -->
<testsuite hostname="Shaan" failures="0" tests="3" name="Maven_Projects.testScripts.practice2" time="0.008" errors="0" timestamp="18 Jul 2022 09:24:51 GMT">
  <testcase classname="Maven_Projects.testScripts.practice2" name="Practice30" time="0.000"/>
  <testcase classname="Maven_Projects.testScripts.practice2" name="Practice20" time="0.000"/>
  <testcase classname="Maven_Projects.testScripts.practice2" name="Practice10" time="0.008"/>
</testsuite> <!-- Maven_Projects.testScripts.practice2 -->
