<?xml version="1.0" encoding="UTF-8"?>
<!-- Generated by org.testng.reporters.JUnitReportReporter -->
<testsuite hostname="Shaan" failures="0" tests="3" name="Maven_Projects.testScripts.practice1" time="0.001" errors="0" timestamp="18 Jul 2022 09:24:51 GMT">
  <testcase classname="Maven_Projects.testScripts.practice1" name="Practice2" time="0.000"/>
  <testcase classname="Maven_Projects.testScripts.practice1" name="Practice1" time="0.001"/>
  <testcase classname="Maven_Projects.testScripts.practice1" name="Practice3" time="0.000"/>
</testsuite> <!-- Maven_Projects.testScripts.practice1 -->
